20-Aug-2022 20:49:18.765 정보 [main] org.apache.catalina.startup.VersionLoggerListener.log 서버 버전 이름:    Apache Tomcat/8.5.82
20-Aug-2022 20:49:18.768 정보 [main] org.apache.catalina.startup.VersionLoggerListener.log Server 빌드 시각:  Aug 8 2022 21:26:07 UTC
20-Aug-2022 20:49:18.769 정보 [main] org.apache.catalina.startup.VersionLoggerListener.log Server 버전 번호:  8.5.82.0
20-Aug-2022 20:49:18.769 정보 [main] org.apache.catalina.startup.VersionLoggerListener.log 운영체제 이름:     Windows 10
20-Aug-2022 20:49:18.769 정보 [main] org.apache.catalina.startup.VersionLoggerListener.log 운영체제 버전:     10.0
20-Aug-2022 20:49:18.770 정보 [main] org.apache.catalina.startup.VersionLoggerListener.log 아키텍처:          amd64
20-Aug-2022 20:49:18.770 정보 [main] org.apache.catalina.startup.VersionLoggerListener.log 자바 홈:           D:\dev\jdk8u345-b01\jre
20-Aug-2022 20:49:18.770 정보 [main] org.apache.catalina.startup.VersionLoggerListener.log JVM 버전:          1.8.0_345-b01
20-Aug-2022 20:49:18.770 정보 [main] org.apache.catalina.startup.VersionLoggerListener.log JVM 벤더:          Temurin
20-Aug-2022 20:49:18.770 정보 [main] org.apache.catalina.startup.VersionLoggerListener.log CATALINA_BASE:     D:\공부\백엔드스쿨\[PART1]프로젝트\Mission1\mission\apache-tomcat-8.5.82
20-Aug-2022 20:49:18.771 정보 [main] org.apache.catalina.startup.VersionLoggerListener.log CATALINA_HOME:     D:\공부\백엔드스쿨\[PART1]프로젝트\Mission1\mission\apache-tomcat-8.5.82
20-Aug-2022 20:49:18.771 정보 [main] org.apache.catalina.startup.VersionLoggerListener.log 명령 행 아규먼트:  -Djava.util.logging.config.file=D:\공부\백엔드스쿨\[PART1]프로젝트\Mission1\mission\apache-tomcat-8.5.82\conf\logging.properties
20-Aug-2022 20:49:18.772 정보 [main] org.apache.catalina.startup.VersionLoggerListener.log 명령 행 아규먼트:  -Djava.util.logging.manager=org.apache.juli.ClassLoaderLogManager
20-Aug-2022 20:49:18.772 정보 [main] org.apache.catalina.startup.VersionLoggerListener.log 명령 행 아규먼트:  -Djdk.tls.ephemeralDHKeySize=2048
20-Aug-2022 20:49:18.772 정보 [main] org.apache.catalina.startup.VersionLoggerListener.log 명령 행 아규먼트:  -Djava.protocol.handler.pkgs=org.apache.catalina.webresources
20-Aug-2022 20:49:18.772 정보 [main] org.apache.catalina.startup.VersionLoggerListener.log 명령 행 아규먼트:  -Dignore.endorsed.dirs=
20-Aug-2022 20:49:18.773 정보 [main] org.apache.catalina.startup.VersionLoggerListener.log 명령 행 아규먼트:  -Dcatalina.base=D:\공부\백엔드스쿨\[PART1]프로젝트\Mission1\mission\apache-tomcat-8.5.82
20-Aug-2022 20:49:18.773 정보 [main] org.apache.catalina.startup.VersionLoggerListener.log 명령 행 아규먼트:  -Dcatalina.home=D:\공부\백엔드스쿨\[PART1]프로젝트\Mission1\mission\apache-tomcat-8.5.82
20-Aug-2022 20:49:18.774 정보 [main] org.apache.catalina.startup.VersionLoggerListener.log 명령 행 아규먼트:  -Djava.io.tmpdir=D:\공부\백엔드스쿨\[PART1]프로젝트\Mission1\mission\apache-tomcat-8.5.82\temp
20-Aug-2022 20:49:18.775 정보 [main] org.apache.catalina.core.AprLifecycleListener.lifecycleEvent APR 버전 [1.7.0]을(를) 사용한, APR 기반 Apache Tomcat Native 라이브러리 [1.2.35]을(를) 로드했습니다.
20-Aug-2022 20:49:18.776 정보 [main] org.apache.catalina.core.AprLifecycleListener.lifecycleEvent APR 용량정보들: IPv6 [true], sendfile [true], accept filters [false], random [true], UDS [{4}].
20-Aug-2022 20:49:18.777 정보 [main] org.apache.catalina.core.AprLifecycleListener.lifecycleEvent APR/OpenSSL 설정: useAprConnector [false], useOpenSSL [true]
20-Aug-2022 20:49:18.784 정보 [main] org.apache.catalina.core.AprLifecycleListener.initializeSSL OpenSSL이 성공적으로 초기화되었습니다: [OpenSSL 1.1.1q  5 Jul 2022]
20-Aug-2022 20:49:18.903 정보 [main] org.apache.coyote.AbstractProtocol.init 프로토콜 핸들러 ["http-nio-8080"]을(를) 초기화합니다.
20-Aug-2022 20:49:18.921 정보 [main] org.apache.catalina.startup.Catalina.load Initialization processed in 555 ms
20-Aug-2022 20:49:18.991 정보 [main] org.apache.catalina.core.StandardService.startInternal 서비스 [Catalina]을(를) 시작합니다.
20-Aug-2022 20:49:18.991 정보 [main] org.apache.catalina.core.StandardEngine.startInternal 서버 엔진을 시작합니다: [Apache Tomcat/8.5.82]
20-Aug-2022 20:49:19.001 정보 [localhost-startStop-1] org.apache.catalina.startup.HostConfig.deployDirectory 웹 애플리케이션 디렉토리 [D:\공부\백엔드스쿨\[PART1]프로젝트\Mission1\mission\apache-tomcat-8.5.82\webapps\docs]을(를) 배치합니다.
20-Aug-2022 20:49:19.450 경고 [localhost-startStop-1] org.apache.catalina.util.SessionIdGeneratorBase.createSecureRandom [SHA1PRNG] 알고리즘을 사용하여, 세션 ID를 생성하기 위한 SecureRandom 객체를 생성하는데, [267] 밀리초가 소요됐습니다.
20-Aug-2022 20:49:19.470 정보 [localhost-startStop-1] org.apache.catalina.startup.HostConfig.deployDirectory 웹 애플리케이션 디렉토리 [D:\공부\백엔드스쿨\[PART1]프로젝트\Mission1\mission\apache-tomcat-8.5.82\webapps\docs]에 대한 배치가 [469] 밀리초에 완료되었습니다.
20-Aug-2022 20:49:19.471 정보 [localhost-startStop-1] org.apache.catalina.startup.HostConfig.deployDirectory 웹 애플리케이션 디렉토리 [D:\공부\백엔드스쿨\[PART1]프로젝트\Mission1\mission\apache-tomcat-8.5.82\webapps\examples]을(를) 배치합니다.
20-Aug-2022 20:49:19.875 정보 [localhost-startStop-1] org.apache.catalina.startup.HostConfig.deployDirectory 웹 애플리케이션 디렉토리 [D:\공부\백엔드스쿨\[PART1]프로젝트\Mission1\mission\apache-tomcat-8.5.82\webapps\examples]에 대한 배치가 [405] 밀리초에 완료되었습니다.
20-Aug-2022 20:49:19.876 정보 [localhost-startStop-1] org.apache.catalina.startup.HostConfig.deployDirectory 웹 애플리케이션 디렉토리 [D:\공부\백엔드스쿨\[PART1]프로젝트\Mission1\mission\apache-tomcat-8.5.82\webapps\host-manager]을(를) 배치합니다.
20-Aug-2022 20:49:19.906 정보 [localhost-startStop-1] org.apache.catalina.startup.HostConfig.deployDirectory 웹 애플리케이션 디렉토리 [D:\공부\백엔드스쿨\[PART1]프로젝트\Mission1\mission\apache-tomcat-8.5.82\webapps\host-manager]에 대한 배치가 [30] 밀리초에 완료되었습니다.
20-Aug-2022 20:49:19.906 정보 [localhost-startStop-1] org.apache.catalina.startup.HostConfig.deployDirectory 웹 애플리케이션 디렉토리 [D:\공부\백엔드스쿨\[PART1]프로젝트\Mission1\mission\apache-tomcat-8.5.82\webapps\manager]을(를) 배치합니다.
20-Aug-2022 20:49:19.934 정보 [localhost-startStop-1] org.apache.catalina.startup.HostConfig.deployDirectory 웹 애플리케이션 디렉토리 [D:\공부\백엔드스쿨\[PART1]프로젝트\Mission1\mission\apache-tomcat-8.5.82\webapps\manager]에 대한 배치가 [28] 밀리초에 완료되었습니다.
20-Aug-2022 20:49:19.935 정보 [localhost-startStop-1] org.apache.catalina.startup.HostConfig.deployDirectory 웹 애플리케이션 디렉토리 [D:\공부\백엔드스쿨\[PART1]프로젝트\Mission1\mission\apache-tomcat-8.5.82\webapps\ROOT]을(를) 배치합니다.
20-Aug-2022 20:49:19.954 정보 [localhost-startStop-1] org.apache.catalina.startup.HostConfig.deployDirectory 웹 애플리케이션 디렉토리 [D:\공부\백엔드스쿨\[PART1]프로젝트\Mission1\mission\apache-tomcat-8.5.82\webapps\ROOT]에 대한 배치가 [19] 밀리초에 완료되었습니다.
20-Aug-2022 20:49:19.956 정보 [main] org.apache.coyote.AbstractProtocol.start 프로토콜 핸들러 ["http-nio-8080"]을(를) 시작합니다.
20-Aug-2022 20:49:19.971 정보 [main] org.apache.catalina.startup.Catalina.start Server startup in 1050 ms
20-Aug-2022 20:50:05.444 정보 [main] org.apache.catalina.startup.VersionLoggerListener.log 서버 버전 이름:    Apache Tomcat/8.5.82
20-Aug-2022 20:50:05.447 정보 [main] org.apache.catalina.startup.VersionLoggerListener.log Server 빌드 시각:  Aug 8 2022 21:26:07 UTC
20-Aug-2022 20:50:05.447 정보 [main] org.apache.catalina.startup.VersionLoggerListener.log Server 버전 번호:  8.5.82.0
20-Aug-2022 20:50:05.447 정보 [main] org.apache.catalina.startup.VersionLoggerListener.log 운영체제 이름:     Windows 10
20-Aug-2022 20:50:05.447 정보 [main] org.apache.catalina.startup.VersionLoggerListener.log 운영체제 버전:     10.0
20-Aug-2022 20:50:05.447 정보 [main] org.apache.catalina.startup.VersionLoggerListener.log 아키텍처:          amd64
20-Aug-2022 20:50:05.448 정보 [main] org.apache.catalina.startup.VersionLoggerListener.log 자바 홈:           D:\dev\jdk8u345-b01\jre
20-Aug-2022 20:50:05.448 정보 [main] org.apache.catalina.startup.VersionLoggerListener.log JVM 버전:          1.8.0_345-b01
20-Aug-2022 20:50:05.448 정보 [main] org.apache.catalina.startup.VersionLoggerListener.log JVM 벤더:          Temurin
20-Aug-2022 20:50:05.448 정보 [main] org.apache.catalina.startup.VersionLoggerListener.log CATALINA_BASE:     D:\공부\백엔드스쿨\[PART1]프로젝트\Mission1\mission\apache-tomcat-8.5.82
20-Aug-2022 20:50:05.448 정보 [main] org.apache.catalina.startup.VersionLoggerListener.log CATALINA_HOME:     D:\공부\백엔드스쿨\[PART1]프로젝트\Mission1\mission\apache-tomcat-8.5.82
20-Aug-2022 20:50:05.449 정보 [main] org.apache.catalina.startup.VersionLoggerListener.log 명령 행 아규먼트:  -Djava.util.logging.config.file=D:\공부\백엔드스쿨\[PART1]프로젝트\Mission1\mission\apache-tomcat-8.5.82\conf\logging.properties
20-Aug-2022 20:50:05.449 정보 [main] org.apache.catalina.startup.VersionLoggerListener.log 명령 행 아규먼트:  -Djava.util.logging.manager=org.apache.juli.ClassLoaderLogManager
20-Aug-2022 20:50:05.449 정보 [main] org.apache.catalina.startup.VersionLoggerListener.log 명령 행 아규먼트:  -Djdk.tls.ephemeralDHKeySize=2048
20-Aug-2022 20:50:05.449 정보 [main] org.apache.catalina.startup.VersionLoggerListener.log 명령 행 아규먼트:  -Djava.protocol.handler.pkgs=org.apache.catalina.webresources
20-Aug-2022 20:50:05.450 정보 [main] org.apache.catalina.startup.VersionLoggerListener.log 명령 행 아규먼트:  -Dignore.endorsed.dirs=
20-Aug-2022 20:50:05.450 정보 [main] org.apache.catalina.startup.VersionLoggerListener.log 명령 행 아규먼트:  -Dcatalina.base=D:\공부\백엔드스쿨\[PART1]프로젝트\Mission1\mission\apache-tomcat-8.5.82
20-Aug-2022 20:50:05.450 정보 [main] org.apache.catalina.startup.VersionLoggerListener.log 명령 행 아규먼트:  -Dcatalina.home=D:\공부\백엔드스쿨\[PART1]프로젝트\Mission1\mission\apache-tomcat-8.5.82
20-Aug-2022 20:50:05.451 정보 [main] org.apache.catalina.startup.VersionLoggerListener.log 명령 행 아규먼트:  -Djava.io.tmpdir=D:\공부\백엔드스쿨\[PART1]프로젝트\Mission1\mission\apache-tomcat-8.5.82\temp
20-Aug-2022 20:50:05.452 정보 [main] org.apache.catalina.core.AprLifecycleListener.lifecycleEvent APR 버전 [1.7.0]을(를) 사용한, APR 기반 Apache Tomcat Native 라이브러리 [1.2.35]을(를) 로드했습니다.
20-Aug-2022 20:50:05.453 정보 [main] org.apache.catalina.core.AprLifecycleListener.lifecycleEvent APR 용량정보들: IPv6 [true], sendfile [true], accept filters [false], random [true], UDS [{4}].
20-Aug-2022 20:50:05.454 정보 [main] org.apache.catalina.core.AprLifecycleListener.lifecycleEvent APR/OpenSSL 설정: useAprConnector [false], useOpenSSL [true]
20-Aug-2022 20:50:05.460 정보 [main] org.apache.catalina.core.AprLifecycleListener.initializeSSL OpenSSL이 성공적으로 초기화되었습니다: [OpenSSL 1.1.1q  5 Jul 2022]
20-Aug-2022 20:50:05.535 정보 [main] org.apache.coyote.AbstractProtocol.init 프로토콜 핸들러 ["http-nio-8080"]을(를) 초기화합니다.
20-Aug-2022 20:50:05.554 정보 [main] org.apache.catalina.startup.Catalina.load Initialization processed in 445 ms
20-Aug-2022 20:50:05.615 정보 [main] org.apache.catalina.core.StandardService.startInternal 서비스 [Catalina]을(를) 시작합니다.
20-Aug-2022 20:50:05.616 정보 [main] org.apache.catalina.core.StandardEngine.startInternal 서버 엔진을 시작합니다: [Apache Tomcat/8.5.82]
20-Aug-2022 20:50:05.625 정보 [localhost-startStop-1] org.apache.catalina.startup.HostConfig.deployDirectory 웹 애플리케이션 디렉토리 [D:\공부\백엔드스쿨\[PART1]프로젝트\Mission1\mission\apache-tomcat-8.5.82\webapps\docs]을(를) 배치합니다.
20-Aug-2022 20:50:06.060 경고 [localhost-startStop-1] org.apache.catalina.util.SessionIdGeneratorBase.createSecureRandom [SHA1PRNG] 알고리즘을 사용하여, 세션 ID를 생성하기 위한 SecureRandom 객체를 생성하는데, [270] 밀리초가 소요됐습니다.
20-Aug-2022 20:50:06.080 정보 [localhost-startStop-1] org.apache.catalina.startup.HostConfig.deployDirectory 웹 애플리케이션 디렉토리 [D:\공부\백엔드스쿨\[PART1]프로젝트\Mission1\mission\apache-tomcat-8.5.82\webapps\docs]에 대한 배치가 [455] 밀리초에 완료되었습니다.
20-Aug-2022 20:50:06.081 정보 [localhost-startStop-1] org.apache.catalina.startup.HostConfig.deployDirectory 웹 애플리케이션 디렉토리 [D:\공부\백엔드스쿨\[PART1]프로젝트\Mission1\mission\apache-tomcat-8.5.82\webapps\examples]을(를) 배치합니다.
20-Aug-2022 20:50:06.358 정보 [localhost-startStop-1] org.apache.catalina.startup.HostConfig.deployDirectory 웹 애플리케이션 디렉토리 [D:\공부\백엔드스쿨\[PART1]프로젝트\Mission1\mission\apache-tomcat-8.5.82\webapps\examples]에 대한 배치가 [277] 밀리초에 완료되었습니다.
20-Aug-2022 20:50:06.359 정보 [localhost-startStop-1] org.apache.catalina.startup.HostConfig.deployDirectory 웹 애플리케이션 디렉토리 [D:\공부\백엔드스쿨\[PART1]프로젝트\Mission1\mission\apache-tomcat-8.5.82\webapps\host-manager]을(를) 배치합니다.
20-Aug-2022 20:50:06.394 정보 [localhost-startStop-1] org.apache.catalina.startup.HostConfig.deployDirectory 웹 애플리케이션 디렉토리 [D:\공부\백엔드스쿨\[PART1]프로젝트\Mission1\mission\apache-tomcat-8.5.82\webapps\host-manager]에 대한 배치가 [35] 밀리초에 완료되었습니다.
20-Aug-2022 20:50:06.395 정보 [localhost-startStop-1] org.apache.catalina.startup.HostConfig.deployDirectory 웹 애플리케이션 디렉토리 [D:\공부\백엔드스쿨\[PART1]프로젝트\Mission1\mission\apache-tomcat-8.5.82\webapps\manager]을(를) 배치합니다.
20-Aug-2022 20:50:06.422 정보 [localhost-startStop-1] org.apache.catalina.startup.HostConfig.deployDirectory 웹 애플리케이션 디렉토리 [D:\공부\백엔드스쿨\[PART1]프로젝트\Mission1\mission\apache-tomcat-8.5.82\webapps\manager]에 대한 배치가 [27] 밀리초에 완료되었습니다.
20-Aug-2022 20:50:06.423 정보 [localhost-startStop-1] org.apache.catalina.startup.HostConfig.deployDirectory 웹 애플리케이션 디렉토리 [D:\공부\백엔드스쿨\[PART1]프로젝트\Mission1\mission\apache-tomcat-8.5.82\webapps\ROOT]을(를) 배치합니다.
20-Aug-2022 20:50:06.444 정보 [localhost-startStop-1] org.apache.catalina.startup.HostConfig.deployDirectory 웹 애플리케이션 디렉토리 [D:\공부\백엔드스쿨\[PART1]프로젝트\Mission1\mission\apache-tomcat-8.5.82\webapps\ROOT]에 대한 배치가 [20] 밀리초에 완료되었습니다.
20-Aug-2022 20:50:06.446 정보 [main] org.apache.coyote.AbstractProtocol.start 프로토콜 핸들러 ["http-nio-8080"]을(를) 시작합니다.
20-Aug-2022 20:50:06.462 정보 [main] org.apache.catalina.startup.Catalina.start Server startup in 907 ms
20-Aug-2022 20:52:28.437 경고 [main] org.apache.catalina.core.StandardServer.await 유효하지 않은 셧다운 명령 []을(를) 받았습니다.
